0 info it worked if it ends with ok
1 verbose cli [ '/usr/bin/node',
1 verbose cli   '/usr/bin/npm',
1 verbose cli   'i',
1 verbose cli   'node-schedule@1.3.0',
1 verbose cli   '-E' ]
2 info using npm@3.5.2
3 info using node@v8.10.0
4 silly loadCurrentTree Starting
5 silly install loadCurrentTree
6 silly install readLocalPackageData
7 silly fetchPackageMetaData node-schedule@1.3.0
8 silly fetchNamedPackageData node-schedule
9 silly mapToRegistry name node-schedule
10 silly mapToRegistry using default registry
11 silly mapToRegistry registry https://registry.npmjs.org/
12 silly mapToRegistry uri https://registry.npmjs.org/node-schedule
13 verbose request uri https://registry.npmjs.org/node-schedule
14 verbose request no auth needed
15 info attempt registry request try #1 at 12:18:38 AM
16 verbose request id 8c68bb2a2da35296
17 http request GET https://registry.npmjs.org/node-schedule
18 http 200 https://registry.npmjs.org/node-schedule
19 verbose headers { date: 'Fri, 18 Jan 2019 04:18:38 GMT',
19 verbose headers   'content-type': 'application/json',
19 verbose headers   'transfer-encoding': 'chunked',
19 verbose headers   connection: 'keep-alive',
19 verbose headers   'set-cookie':
19 verbose headers    [ '__cfduid=d6bce522633e11c10795bd6d9960cc0dc1547785118; expires=Sat, 18-Jan-20 04:18:38 GMT; path=/; domain=.registry.npmjs.org; HttpOnly' ],
19 verbose headers   'cf-cache-status': 'HIT',
19 verbose headers   'cache-control': 'max-age=300',
19 verbose headers   'cf-ray': '49ae4240cf2b4aeb-GRU',
19 verbose headers   etag: 'W/"e87fdd84c1e59ff6a547ce967dac3fbd"',
19 verbose headers   'expect-ct': 'max-age=604800, report-uri="https://report-uri.cloudflare.com/cdn-cgi/beacon/expect-ct"',
19 verbose headers   'last-modified': 'Fri, 04 Jan 2019 23:20:36 GMT',
19 verbose headers   vary: 'accept-encoding, accept',
19 verbose headers   'x-amz-meta-rev': '370-bce149f130ce6818f7fb8c3329fac248',
19 verbose headers   server: 'cloudflare',
19 verbose headers   'content-encoding': 'gzip' }
20 silly get cb [ 200,
20 silly get   { date: 'Fri, 18 Jan 2019 04:18:38 GMT',
20 silly get     'content-type': 'application/json',
20 silly get     'transfer-encoding': 'chunked',
20 silly get     connection: 'keep-alive',
20 silly get     'set-cookie':
20 silly get      [ '__cfduid=d6bce522633e11c10795bd6d9960cc0dc1547785118; expires=Sat, 18-Jan-20 04:18:38 GMT; path=/; domain=.registry.npmjs.org; HttpOnly' ],
20 silly get     'cf-cache-status': 'HIT',
20 silly get     'cache-control': 'max-age=300',
20 silly get     'cf-ray': '49ae4240cf2b4aeb-GRU',
20 silly get     etag: 'W/"e87fdd84c1e59ff6a547ce967dac3fbd"',
20 silly get     'expect-ct': 'max-age=604800, report-uri="https://report-uri.cloudflare.com/cdn-cgi/beacon/expect-ct"',
20 silly get     'last-modified': 'Fri, 04 Jan 2019 23:20:36 GMT',
20 silly get     vary: 'accept-encoding, accept',
20 silly get     'x-amz-meta-rev': '370-bce149f130ce6818f7fb8c3329fac248',
20 silly get     server: 'cloudflare',
20 silly get     'content-encoding': 'gzip' } ]
21 verbose get saving node-schedule to /home/gleycon/.npm/registry.npmjs.org/node-schedule/.cache.json
22 silly install normalizeTree
23 silly loadCurrentTree Finishing
24 silly loadIdealTree Starting
25 silly install loadIdealTree
26 silly cloneCurrentTree Starting
27 silly install cloneCurrentTreeToIdealTree
28 silly cloneCurrentTree Finishing
29 silly loadShrinkwrap Starting
30 silly install loadShrinkwrap
31 silly loadShrinkwrap Finishing
32 silly loadAllDepsIntoIdealTree Starting
33 silly install loadAllDepsIntoIdealTree
34 silly resolveWithNewModule node-schedule@1.3.0 checking installable status
35 silly cache add args [ 'node-schedule@1.3.0', null ]
36 verbose cache add spec node-schedule@1.3.0
37 silly cache add parsed spec Result {
37 silly cache add   raw: 'node-schedule@1.3.0',
37 silly cache add   scope: null,
37 silly cache add   name: 'node-schedule',
37 silly cache add   rawSpec: '1.3.0',
37 silly cache add   spec: '1.3.0',
37 silly cache add   type: 'version' }
38 silly addNamed node-schedule@1.3.0
39 verbose addNamed "1.3.0" is a plain semver version for node-schedule
40 silly mapToRegistry name node-schedule
41 silly mapToRegistry using default registry
42 silly mapToRegistry registry https://registry.npmjs.org/
43 silly mapToRegistry uri https://registry.npmjs.org/node-schedule
44 verbose addNameVersion registry:https://registry.npmjs.org/node-schedule not in flight; fetching
45 verbose get https://registry.npmjs.org/node-schedule not expired, no request
46 silly mapToRegistry name node-schedule
47 silly mapToRegistry using default registry
48 silly mapToRegistry registry https://registry.npmjs.org/
49 silly mapToRegistry uri https://registry.npmjs.org/node-schedule
50 verbose addRemoteTarball https://registry.npmjs.org/node-schedule/-/node-schedule-1.3.0.tgz not in flight; adding
51 verbose addRemoteTarball [ 'https://registry.npmjs.org/node-schedule/-/node-schedule-1.3.0.tgz',
51 verbose addRemoteTarball   'e7a7e816a7f2550d5b170bd106e765db28bdf030' ]
52 info retry fetch attempt 1 at 12:18:39 AM
53 info attempt registry request try #1 at 12:18:39 AM
54 http fetch GET https://registry.npmjs.org/node-schedule/-/node-schedule-1.3.0.tgz
55 http fetch 200 https://registry.npmjs.org/node-schedule/-/node-schedule-1.3.0.tgz
56 silly fetchAndShaCheck shasum e7a7e816a7f2550d5b170bd106e765db28bdf030
57 verbose addTmpTarball /tmp/npm-12372-6fe5125e/registry.npmjs.org/node-schedule/-/node-schedule-1.3.0.tgz not in flight; adding
58 verbose addTmpTarball already have metadata; skipping unpack for node-schedule@1.3.0
59 silly cache afterAdd node-schedule@1.3.0
60 verbose afterAdd /home/gleycon/.npm/node-schedule/1.3.0/package/package.json not in flight; writing
61 verbose afterAdd /home/gleycon/.npm/node-schedule/1.3.0/package/package.json written
62 silly fetchNamedPackageData cron-parser
63 silly mapToRegistry name cron-parser
64 silly mapToRegistry using default registry
65 silly mapToRegistry registry https://registry.npmjs.org/
66 silly mapToRegistry uri https://registry.npmjs.org/cron-parser
67 silly fetchNamedPackageData long-timeout
68 silly mapToRegistry name long-timeout
69 silly mapToRegistry using default registry
70 silly mapToRegistry registry https://registry.npmjs.org/
71 silly mapToRegistry uri https://registry.npmjs.org/long-timeout
72 silly fetchNamedPackageData sorted-array-functions
73 silly mapToRegistry name sorted-array-functions
74 silly mapToRegistry using default registry
75 silly mapToRegistry registry https://registry.npmjs.org/
76 silly mapToRegistry uri https://registry.npmjs.org/sorted-array-functions
77 verbose request uri https://registry.npmjs.org/cron-parser
78 verbose request no auth needed
79 info attempt registry request try #1 at 12:18:39 AM
80 http request GET https://registry.npmjs.org/cron-parser
81 verbose request uri https://registry.npmjs.org/long-timeout
82 verbose request no auth needed
83 info attempt registry request try #1 at 12:18:39 AM
84 http request GET https://registry.npmjs.org/long-timeout
85 verbose request uri https://registry.npmjs.org/sorted-array-functions
86 verbose request no auth needed
87 info attempt registry request try #1 at 12:18:39 AM
88 http request GET https://registry.npmjs.org/sorted-array-functions
89 http 200 https://registry.npmjs.org/cron-parser
90 verbose headers { date: 'Fri, 18 Jan 2019 04:18:39 GMT',
90 verbose headers   'content-type': 'application/json',
90 verbose headers   'transfer-encoding': 'chunked',
90 verbose headers   connection: 'keep-alive',
90 verbose headers   'set-cookie':
90 verbose headers    [ '__cfduid=d20da2d1fddf6a66513374685d98d21b81547785119; expires=Sat, 18-Jan-20 04:18:39 GMT; path=/; domain=.registry.npmjs.org; HttpOnly' ],
90 verbose headers   'cf-cache-status': 'HIT',
90 verbose headers   'cache-control': 'max-age=300',
90 verbose headers   'cf-ray': '49ae424348d24aeb-GRU',
90 verbose headers   etag: 'W/"bc7568dfb402f68b064a46c18a9aba71"',
90 verbose headers   'expect-ct': 'max-age=604800, report-uri="https://report-uri.cloudflare.com/cdn-cgi/beacon/expect-ct"',
90 verbose headers   'last-modified': 'Tue, 01 Jan 2019 17:05:20 GMT',
90 verbose headers   vary: 'accept-encoding, accept',
90 verbose headers   'x-amz-meta-rev': '98-c732dda69909ab9eedb185bfb5b2ea3d',
90 verbose headers   server: 'cloudflare',
90 verbose headers   'content-encoding': 'gzip' }
91 silly get cb [ 200,
91 silly get   { date: 'Fri, 18 Jan 2019 04:18:39 GMT',
91 silly get     'content-type': 'application/json',
91 silly get     'transfer-encoding': 'chunked',
91 silly get     connection: 'keep-alive',
91 silly get     'set-cookie':
91 silly get      [ '__cfduid=d20da2d1fddf6a66513374685d98d21b81547785119; expires=Sat, 18-Jan-20 04:18:39 GMT; path=/; domain=.registry.npmjs.org; HttpOnly' ],
91 silly get     'cf-cache-status': 'HIT',
91 silly get     'cache-control': 'max-age=300',
91 silly get     'cf-ray': '49ae424348d24aeb-GRU',
91 silly get     etag: 'W/"bc7568dfb402f68b064a46c18a9aba71"',
91 silly get     'expect-ct': 'max-age=604800, report-uri="https://report-uri.cloudflare.com/cdn-cgi/beacon/expect-ct"',
91 silly get     'last-modified': 'Tue, 01 Jan 2019 17:05:20 GMT',
91 silly get     vary: 'accept-encoding, accept',
91 silly get     'x-amz-meta-rev': '98-c732dda69909ab9eedb185bfb5b2ea3d',
91 silly get     server: 'cloudflare',
91 silly get     'content-encoding': 'gzip' } ]
92 verbose get saving cron-parser to /home/gleycon/.npm/registry.npmjs.org/cron-parser/.cache.json
93 silly resolveWithNewModule cron-parser@2.7.3 checking installable status
94 silly cache add args [ 'cron-parser@^2.4.0', null ]
95 verbose cache add spec cron-parser@^2.4.0
96 silly cache add parsed spec Result {
96 silly cache add   raw: 'cron-parser@^2.4.0',
96 silly cache add   scope: null,
96 silly cache add   name: 'cron-parser',
96 silly cache add   rawSpec: '^2.4.0',
96 silly cache add   spec: '>=2.4.0 <3.0.0',
96 silly cache add   type: 'range' }
97 silly addNamed cron-parser@>=2.4.0 <3.0.0
98 verbose addNamed ">=2.4.0 <3.0.0" is a valid semver range for cron-parser
99 silly addNameRange { name: 'cron-parser', range: '>=2.4.0 <3.0.0', hasData: false }
100 silly mapToRegistry name cron-parser
101 silly mapToRegistry using default registry
102 silly mapToRegistry registry https://registry.npmjs.org/
103 silly mapToRegistry uri https://registry.npmjs.org/cron-parser
104 verbose addNameRange registry:https://registry.npmjs.org/cron-parser not in flight; fetching
105 verbose get https://registry.npmjs.org/cron-parser not expired, no request
106 silly addNameRange number 2 { name: 'cron-parser', range: '>=2.4.0 <3.0.0', hasData: true }
107 silly addNameRange versions [ 'cron-parser',
107 silly addNameRange   [ '0.1.0',
107 silly addNameRange     '0.2.0',
107 silly addNameRange     '0.2.1',
107 silly addNameRange     '0.2.2',
107 silly addNameRange     '0.2.3',
107 silly addNameRange     '0.2.4',
107 silly addNameRange     '0.2.5',
107 silly addNameRange     '0.2.6',
107 silly addNameRange     '0.2.7',
107 silly addNameRange     '0.2.8',
107 silly addNameRange     '0.2.9',
107 silly addNameRange     '0.3.0',
107 silly addNameRange     '0.3.1',
107 silly addNameRange     '0.3.2',
107 silly addNameRange     '0.3.3',
107 silly addNameRange     '0.3.4',
107 silly addNameRange     '0.3.5',
107 silly addNameRange     '0.3.6',
107 silly addNameRange     '0.4.0',
107 silly addNameRange     '0.4.1',
107 silly addNameRange     '0.4.2',
107 silly addNameRange     '0.4.3',
107 silly addNameRange     '0.4.4',
107 silly addNameRange     '0.4.5',
107 silly addNameRange     '0.5.0',
107 silly addNameRange     '0.5.1',
107 silly addNameRange     '0.6.0',
107 silly addNameRange     '0.6.1',
107 silly addNameRange     '0.6.2',
107 silly addNameRange     '0.6.3',
107 silly addNameRange     '0.6.4',
107 silly addNameRange     '0.7.0',
107 silly addNameRange     '0.7.1',
107 silly addNameRange     '1.0.0',
107 silly addNameRange     '1.0.1',
107 silly addNameRange     '1.0.2',
107 silly addNameRange     '1.1.0',
107 silly addNameRange     '1.1.1',
107 silly addNameRange     '2.0.0',
107 silly addNameRange     '2.0.1',
107 silly addNameRange     '2.0.2',
107 silly addNameRange     '2.0.3',
107 silly addNameRange     '2.1.0',
107 silly addNameRange     '2.1.1',
107 silly addNameRange     '2.1.2',
107 silly addNameRange     '2.2.0',
107 silly addNameRange     '2.2.1',
107 silly addNameRange     '2.2.2',
107 silly addNameRange     '2.3.0',
107 silly addNameRange     '2.3.1',
107 silly addNameRange     '2.4.0',
107 silly addNameRange     '2.4.1',
107 silly addNameRange     '2.4.2',
107 silly addNameRange     '2.4.3',
107 silly addNameRange     '2.4.4',
107 silly addNameRange     '2.4.5',
107 silly addNameRange     '2.5.0',
107 silly addNameRange     '2.6.0',
107 silly addNameRange     '2.7.0',
107 silly addNameRange     '2.7.1',
107 silly addNameRange     '2.7.2',
107 silly addNameRange     '2.7.3' ] ]
108 silly addNamed cron-parser@2.7.3
109 verbose addNamed "2.7.3" is a plain semver version for cron-parser
110 silly mapToRegistry name cron-parser
111 silly mapToRegistry using default registry
112 silly mapToRegistry registry https://registry.npmjs.org/
113 silly mapToRegistry uri https://registry.npmjs.org/cron-parser
114 verbose addRemoteTarball https://registry.npmjs.org/cron-parser/-/cron-parser-2.7.3.tgz not in flight; adding
115 verbose addRemoteTarball [ 'https://registry.npmjs.org/cron-parser/-/cron-parser-2.7.3.tgz',
115 verbose addRemoteTarball   '12603f89f5375af353a9357be2543d3172eac651' ]
116 info retry fetch attempt 1 at 12:18:39 AM
117 info attempt registry request try #1 at 12:18:39 AM
118 http fetch GET https://registry.npmjs.org/cron-parser/-/cron-parser-2.7.3.tgz
119 http 200 https://registry.npmjs.org/long-timeout
120 verbose headers { date: 'Fri, 18 Jan 2019 04:18:39 GMT',
120 verbose headers   'content-type': 'application/json; charset=UTF-8',
120 verbose headers   'transfer-encoding': 'chunked',
120 verbose headers   connection: 'keep-alive',
120 verbose headers   'set-cookie':
120 verbose headers    [ '__cfduid=db21eb08e66423eae3aa08dfd7132dc4b1547785119; expires=Sat, 18-Jan-20 04:18:39 GMT; path=/; domain=.registry.npmjs.org; HttpOnly' ],
120 verbose headers   'cf-cache-status': 'HIT',
120 verbose headers   'cache-control': 'max-age=300',
120 verbose headers   'cf-ray': '49ae42442b9b4bab-GRU',
120 verbose headers   etag: 'W/"0d197e8aea57e618e74ba68a1c3790ca"',
120 verbose headers   'expect-ct': 'max-age=604800, report-uri="https://report-uri.cloudflare.com/cdn-cgi/beacon/expect-ct"',
120 verbose headers   'last-modified': 'Sun, 27 May 2018 07:02:59 GMT',
120 verbose headers   vary: 'accept-encoding, accept',
120 verbose headers   server: 'cloudflare',
120 verbose headers   'content-encoding': 'gzip' }
121 silly get cb [ 200,
121 silly get   { date: 'Fri, 18 Jan 2019 04:18:39 GMT',
121 silly get     'content-type': 'application/json; charset=UTF-8',
121 silly get     'transfer-encoding': 'chunked',
121 silly get     connection: 'keep-alive',
121 silly get     'set-cookie':
121 silly get      [ '__cfduid=db21eb08e66423eae3aa08dfd7132dc4b1547785119; expires=Sat, 18-Jan-20 04:18:39 GMT; path=/; domain=.registry.npmjs.org; HttpOnly' ],
121 silly get     'cf-cache-status': 'HIT',
121 silly get     'cache-control': 'max-age=300',
121 silly get     'cf-ray': '49ae42442b9b4bab-GRU',
121 silly get     etag: 'W/"0d197e8aea57e618e74ba68a1c3790ca"',
121 silly get     'expect-ct': 'max-age=604800, report-uri="https://report-uri.cloudflare.com/cdn-cgi/beacon/expect-ct"',
121 silly get     'last-modified': 'Sun, 27 May 2018 07:02:59 GMT',
121 silly get     vary: 'accept-encoding, accept',
121 silly get     server: 'cloudflare',
121 silly get     'content-encoding': 'gzip' } ]
122 verbose get saving long-timeout to /home/gleycon/.npm/registry.npmjs.org/long-timeout/.cache.json
123 silly resolveWithNewModule long-timeout@0.1.1 checking installable status
124 silly cache add args [ 'long-timeout@0.1.1', null ]
125 verbose cache add spec long-timeout@0.1.1
126 silly cache add parsed spec Result {
126 silly cache add   raw: 'long-timeout@0.1.1',
126 silly cache add   scope: null,
126 silly cache add   name: 'long-timeout',
126 silly cache add   rawSpec: '0.1.1',
126 silly cache add   spec: '0.1.1',
126 silly cache add   type: 'version' }
127 silly addNamed long-timeout@0.1.1
128 verbose addNamed "0.1.1" is a plain semver version for long-timeout
129 silly mapToRegistry name long-timeout
130 silly mapToRegistry using default registry
131 silly mapToRegistry registry https://registry.npmjs.org/
132 silly mapToRegistry uri https://registry.npmjs.org/long-timeout
133 verbose addNameVersion registry:https://registry.npmjs.org/long-timeout not in flight; fetching
134 verbose get https://registry.npmjs.org/long-timeout not expired, no request
135 silly mapToRegistry name long-timeout
136 silly mapToRegistry using default registry
137 silly mapToRegistry registry https://registry.npmjs.org/
138 silly mapToRegistry uri https://registry.npmjs.org/long-timeout
139 verbose addRemoteTarball https://registry.npmjs.org/long-timeout/-/long-timeout-0.1.1.tgz not in flight; adding
140 verbose addRemoteTarball [ 'https://registry.npmjs.org/long-timeout/-/long-timeout-0.1.1.tgz',
140 verbose addRemoteTarball   '9721d788b47e0bcb5a24c2e2bee1a0da55dab514' ]
141 http fetch 200 https://registry.npmjs.org/cron-parser/-/cron-parser-2.7.3.tgz
142 silly fetchAndShaCheck shasum 12603f89f5375af353a9357be2543d3172eac651
143 verbose addTmpTarball /tmp/npm-12372-6fe5125e/registry.npmjs.org/cron-parser/-/cron-parser-2.7.3.tgz not in flight; adding
144 verbose addTmpTarball already have metadata; skipping unpack for cron-parser@2.7.3
145 info retry fetch attempt 1 at 12:18:39 AM
146 info attempt registry request try #1 at 12:18:39 AM
147 http fetch GET https://registry.npmjs.org/long-timeout/-/long-timeout-0.1.1.tgz
148 http 200 https://registry.npmjs.org/sorted-array-functions
149 verbose headers { date: 'Fri, 18 Jan 2019 04:18:39 GMT',
149 verbose headers   'content-type': 'application/json; charset=UTF-8',
149 verbose headers   'transfer-encoding': 'chunked',
149 verbose headers   connection: 'keep-alive',
149 verbose headers   'set-cookie':
149 verbose headers    [ '__cfduid=df8e1e54530fa7ee6f49eef4e7163446e1547785119; expires=Sat, 18-Jan-20 04:18:39 GMT; path=/; domain=.registry.npmjs.org; HttpOnly' ],
149 verbose headers   'cf-cache-status': 'HIT',
149 verbose headers   'cache-control': 'max-age=300',
149 verbose headers   'cf-ray': '49ae42447fb74af7-GRU',
149 verbose headers   etag: 'W/"4b5d2306d69166588ae863b476e2c933"',
149 verbose headers   'expect-ct': 'max-age=604800, report-uri="https://report-uri.cloudflare.com/cdn-cgi/beacon/expect-ct"',
149 verbose headers   'last-modified': 'Sat, 02 Jun 2018 14:25:49 GMT',
149 verbose headers   vary: 'accept-encoding, accept',
149 verbose headers   server: 'cloudflare',
149 verbose headers   'content-encoding': 'gzip' }
150 silly get cb [ 200,
150 silly get   { date: 'Fri, 18 Jan 2019 04:18:39 GMT',
150 silly get     'content-type': 'application/json; charset=UTF-8',
150 silly get     'transfer-encoding': 'chunked',
150 silly get     connection: 'keep-alive',
150 silly get     'set-cookie':
150 silly get      [ '__cfduid=df8e1e54530fa7ee6f49eef4e7163446e1547785119; expires=Sat, 18-Jan-20 04:18:39 GMT; path=/; domain=.registry.npmjs.org; HttpOnly' ],
150 silly get     'cf-cache-status': 'HIT',
150 silly get     'cache-control': 'max-age=300',
150 silly get     'cf-ray': '49ae42447fb74af7-GRU',
150 silly get     etag: 'W/"4b5d2306d69166588ae863b476e2c933"',
150 silly get     'expect-ct': 'max-age=604800, report-uri="https://report-uri.cloudflare.com/cdn-cgi/beacon/expect-ct"',
150 silly get     'last-modified': 'Sat, 02 Jun 2018 14:25:49 GMT',
150 silly get     vary: 'accept-encoding, accept',
150 silly get     server: 'cloudflare',
150 silly get     'content-encoding': 'gzip' } ]
151 verbose get saving sorted-array-functions to /home/gleycon/.npm/registry.npmjs.org/sorted-array-functions/.cache.json
152 silly resolveWithNewModule sorted-array-functions@1.2.0 checking installable status
153 silly cache add args [ 'sorted-array-functions@^1.0.0', null ]
154 verbose cache add spec sorted-array-functions@^1.0.0
155 silly cache add parsed spec Result {
155 silly cache add   raw: 'sorted-array-functions@^1.0.0',
155 silly cache add   scope: null,
155 silly cache add   name: 'sorted-array-functions',
155 silly cache add   rawSpec: '^1.0.0',
155 silly cache add   spec: '>=1.0.0 <2.0.0',
155 silly cache add   type: 'range' }
156 silly addNamed sorted-array-functions@>=1.0.0 <2.0.0
157 verbose addNamed ">=1.0.0 <2.0.0" is a valid semver range for sorted-array-functions
158 silly addNameRange { name: 'sorted-array-functions',
158 silly addNameRange   range: '>=1.0.0 <2.0.0',
158 silly addNameRange   hasData: false }
159 silly mapToRegistry name sorted-array-functions
160 silly mapToRegistry using default registry
161 silly mapToRegistry registry https://registry.npmjs.org/
162 silly mapToRegistry uri https://registry.npmjs.org/sorted-array-functions
163 verbose addNameRange registry:https://registry.npmjs.org/sorted-array-functions not in flight; fetching
164 verbose get https://registry.npmjs.org/sorted-array-functions not expired, no request
165 silly addNameRange number 2 { name: 'sorted-array-functions',
165 silly addNameRange   range: '>=1.0.0 <2.0.0',
165 silly addNameRange   hasData: true }
166 silly addNameRange versions [ 'sorted-array-functions', [ '1.0.0', '1.1.0', '1.2.0' ] ]
167 silly addNamed sorted-array-functions@1.2.0
168 verbose addNamed "1.2.0" is a plain semver version for sorted-array-functions
169 silly mapToRegistry name sorted-array-functions
170 silly mapToRegistry using default registry
171 silly mapToRegistry registry https://registry.npmjs.org/
172 silly mapToRegistry uri https://registry.npmjs.org/sorted-array-functions
173 verbose addRemoteTarball https://registry.npmjs.org/sorted-array-functions/-/sorted-array-functions-1.2.0.tgz not in flight; adding
174 verbose addRemoteTarball [ 'https://registry.npmjs.org/sorted-array-functions/-/sorted-array-functions-1.2.0.tgz',
174 verbose addRemoteTarball   '43265b21d6e985b7df31621b1c11cc68d8efc7c3' ]
175 silly cache afterAdd cron-parser@2.7.3
176 verbose afterAdd /home/gleycon/.npm/cron-parser/2.7.3/package/package.json not in flight; writing
177 info retry fetch attempt 1 at 12:18:39 AM
178 info attempt registry request try #1 at 12:18:39 AM
179 http fetch GET https://registry.npmjs.org/sorted-array-functions/-/sorted-array-functions-1.2.0.tgz
180 verbose afterAdd /home/gleycon/.npm/cron-parser/2.7.3/package/package.json written
181 http fetch 200 https://registry.npmjs.org/long-timeout/-/long-timeout-0.1.1.tgz
182 silly fetchAndShaCheck shasum 9721d788b47e0bcb5a24c2e2bee1a0da55dab514
183 verbose addTmpTarball /tmp/npm-12372-6fe5125e/registry.npmjs.org/long-timeout/-/long-timeout-0.1.1.tgz not in flight; adding
184 verbose addTmpTarball already have metadata; skipping unpack for long-timeout@0.1.1
185 silly cache afterAdd long-timeout@0.1.1
186 verbose afterAdd /home/gleycon/.npm/long-timeout/0.1.1/package/package.json not in flight; writing
187 verbose afterAdd /home/gleycon/.npm/long-timeout/0.1.1/package/package.json written
188 http fetch 200 https://registry.npmjs.org/sorted-array-functions/-/sorted-array-functions-1.2.0.tgz
189 silly fetchAndShaCheck shasum 43265b21d6e985b7df31621b1c11cc68d8efc7c3
190 verbose addTmpTarball /tmp/npm-12372-6fe5125e/registry.npmjs.org/sorted-array-functions/-/sorted-array-functions-1.2.0.tgz not in flight; adding
191 verbose addTmpTarball already have metadata; skipping unpack for sorted-array-functions@1.2.0
192 silly cache afterAdd sorted-array-functions@1.2.0
193 verbose afterAdd /home/gleycon/.npm/sorted-array-functions/1.2.0/package/package.json not in flight; writing
194 verbose afterAdd /home/gleycon/.npm/sorted-array-functions/1.2.0/package/package.json written
195 silly fetchNamedPackageData is-nan
196 silly mapToRegistry name is-nan
197 silly mapToRegistry using default registry
198 silly mapToRegistry registry https://registry.npmjs.org/
199 silly mapToRegistry uri https://registry.npmjs.org/is-nan
200 silly fetchNamedPackageData moment-timezone
201 silly mapToRegistry name moment-timezone
202 silly mapToRegistry using default registry
203 silly mapToRegistry registry https://registry.npmjs.org/
204 silly mapToRegistry uri https://registry.npmjs.org/moment-timezone
205 verbose request uri https://registry.npmjs.org/is-nan
206 verbose request no auth needed
207 info attempt registry request try #1 at 12:18:39 AM
208 http request GET https://registry.npmjs.org/is-nan
209 verbose request uri https://registry.npmjs.org/moment-timezone
210 verbose request no auth needed
211 info attempt registry request try #1 at 12:18:39 AM
212 http request GET https://registry.npmjs.org/moment-timezone
213 http 200 https://registry.npmjs.org/is-nan
214 verbose headers { date: 'Fri, 18 Jan 2019 04:18:39 GMT',
214 verbose headers   'content-type': 'application/json; charset=UTF-8',
214 verbose headers   'transfer-encoding': 'chunked',
214 verbose headers   connection: 'keep-alive',
214 verbose headers   'set-cookie':
214 verbose headers    [ '__cfduid=df8e1e54530fa7ee6f49eef4e7163446e1547785119; expires=Sat, 18-Jan-20 04:18:39 GMT; path=/; domain=.registry.npmjs.org; HttpOnly' ],
214 verbose headers   'cf-cache-status': 'HIT',
214 verbose headers   'cache-control': 'max-age=300',
214 verbose headers   'cf-ray': '49ae424638604af7-GRU',
214 verbose headers   etag: 'W/"e0b4900872e9c40c885cbee097f4113d"',
214 verbose headers   'expect-ct': 'max-age=604800, report-uri="https://report-uri.cloudflare.com/cdn-cgi/beacon/expect-ct"',
214 verbose headers   'last-modified': 'Sun, 27 May 2018 04:59:24 GMT',
214 verbose headers   vary: 'accept-encoding, accept',
214 verbose headers   server: 'cloudflare',
214 verbose headers   'content-encoding': 'gzip' }
215 silly get cb [ 200,
215 silly get   { date: 'Fri, 18 Jan 2019 04:18:39 GMT',
215 silly get     'content-type': 'application/json; charset=UTF-8',
215 silly get     'transfer-encoding': 'chunked',
215 silly get     connection: 'keep-alive',
215 silly get     'set-cookie':
215 silly get      [ '__cfduid=df8e1e54530fa7ee6f49eef4e7163446e1547785119; expires=Sat, 18-Jan-20 04:18:39 GMT; path=/; domain=.registry.npmjs.org; HttpOnly' ],
215 silly get     'cf-cache-status': 'HIT',
215 silly get     'cache-control': 'max-age=300',
215 silly get     'cf-ray': '49ae424638604af7-GRU',
215 silly get     etag: 'W/"e0b4900872e9c40c885cbee097f4113d"',
215 silly get     'expect-ct': 'max-age=604800, report-uri="https://report-uri.cloudflare.com/cdn-cgi/beacon/expect-ct"',
215 silly get     'last-modified': 'Sun, 27 May 2018 04:59:24 GMT',
215 silly get     vary: 'accept-encoding, accept',
215 silly get     server: 'cloudflare',
215 silly get     'content-encoding': 'gzip' } ]
216 verbose get saving is-nan to /home/gleycon/.npm/registry.npmjs.org/is-nan/.cache.json
217 http 200 https://registry.npmjs.org/moment-timezone
218 verbose headers { date: 'Fri, 18 Jan 2019 04:18:39 GMT',
218 verbose headers   'content-type': 'application/json',
218 verbose headers   'transfer-encoding': 'chunked',
218 verbose headers   connection: 'keep-alive',
218 verbose headers   'set-cookie':
218 verbose headers    [ '__cfduid=db21eb08e66423eae3aa08dfd7132dc4b1547785119; expires=Sat, 18-Jan-20 04:18:39 GMT; path=/; domain=.registry.npmjs.org; HttpOnly' ],
218 verbose headers   'cf-cache-status': 'HIT',
218 verbose headers   'cache-control': 'max-age=300',
218 verbose headers   'cf-ray': '49ae42464c7e4bab-GRU',
218 verbose headers   etag: 'W/"f96a51d8791ad6e57a77bb1c81a3d997"',
218 verbose headers   'expect-ct': 'max-age=604800, report-uri="https://report-uri.cloudflare.com/cdn-cgi/beacon/expect-ct"',
218 verbose headers   'last-modified': 'Fri, 04 Jan 2019 20:19:34 GMT',
218 verbose headers   vary: 'accept-encoding, accept',
218 verbose headers   'x-amz-meta-rev': '151-68a155cc864f966756a6d05a01ff8159',
218 verbose headers   server: 'cloudflare',
218 verbose headers   'content-encoding': 'gzip' }
219 silly get cb [ 200,
219 silly get   { date: 'Fri, 18 Jan 2019 04:18:39 GMT',
219 silly get     'content-type': 'application/json',
219 silly get     'transfer-encoding': 'chunked',
219 silly get     connection: 'keep-alive',
219 silly get     'set-cookie':
219 silly get      [ '__cfduid=db21eb08e66423eae3aa08dfd7132dc4b1547785119; expires=Sat, 18-Jan-20 04:18:39 GMT; path=/; domain=.registry.npmjs.org; HttpOnly' ],
219 silly get     'cf-cache-status': 'HIT',
219 silly get     'cache-control': 'max-age=300',
219 silly get     'cf-ray': '49ae42464c7e4bab-GRU',
219 silly get     etag: 'W/"f96a51d8791ad6e57a77bb1c81a3d997"',
219 silly get     'expect-ct': 'max-age=604800, report-uri="https://report-uri.cloudflare.com/cdn-cgi/beacon/expect-ct"',
219 silly get     'last-modified': 'Fri, 04 Jan 2019 20:19:34 GMT',
219 silly get     vary: 'accept-encoding, accept',
219 silly get     'x-amz-meta-rev': '151-68a155cc864f966756a6d05a01ff8159',
219 silly get     server: 'cloudflare',
219 silly get     'content-encoding': 'gzip' } ]
220 verbose get saving moment-timezone to /home/gleycon/.npm/registry.npmjs.org/moment-timezone/.cache.json
221 silly resolveWithNewModule is-nan@1.2.1 checking installable status
222 silly cache add args [ 'is-nan@^1.2.1', null ]
223 verbose cache add spec is-nan@^1.2.1
224 silly cache add parsed spec Result {
224 silly cache add   raw: 'is-nan@^1.2.1',
224 silly cache add   scope: null,
224 silly cache add   name: 'is-nan',
224 silly cache add   rawSpec: '^1.2.1',
224 silly cache add   spec: '>=1.2.1 <2.0.0',
224 silly cache add   type: 'range' }
225 silly addNamed is-nan@>=1.2.1 <2.0.0
226 verbose addNamed ">=1.2.1 <2.0.0" is a valid semver range for is-nan
227 silly addNameRange { name: 'is-nan', range: '>=1.2.1 <2.0.0', hasData: false }
228 silly mapToRegistry name is-nan
229 silly mapToRegistry using default registry
230 silly mapToRegistry registry https://registry.npmjs.org/
231 silly mapToRegistry uri https://registry.npmjs.org/is-nan
232 verbose addNameRange registry:https://registry.npmjs.org/is-nan not in flight; fetching
233 silly resolveWithNewModule moment-timezone@0.5.23 checking installable status
234 silly cache add args [ 'moment-timezone@^0.5.23', null ]
235 verbose cache add spec moment-timezone@^0.5.23
236 silly cache add parsed spec Result {
236 silly cache add   raw: 'moment-timezone@^0.5.23',
236 silly cache add   scope: null,
236 silly cache add   name: 'moment-timezone',
236 silly cache add   rawSpec: '^0.5.23',
236 silly cache add   spec: '>=0.5.23 <0.6.0',
236 silly cache add   type: 'range' }
237 silly addNamed moment-timezone@>=0.5.23 <0.6.0
238 verbose addNamed ">=0.5.23 <0.6.0" is a valid semver range for moment-timezone
239 silly addNameRange { name: 'moment-timezone',
239 silly addNameRange   range: '>=0.5.23 <0.6.0',
239 silly addNameRange   hasData: false }
240 silly mapToRegistry name moment-timezone
241 silly mapToRegistry using default registry
242 silly mapToRegistry registry https://registry.npmjs.org/
243 silly mapToRegistry uri https://registry.npmjs.org/moment-timezone
244 verbose addNameRange registry:https://registry.npmjs.org/moment-timezone not in flight; fetching
245 verbose get https://registry.npmjs.org/is-nan not expired, no request
246 silly addNameRange number 2 { name: 'is-nan', range: '>=1.2.1 <2.0.0', hasData: true }
247 silly addNameRange versions [ 'is-nan', [ '0.0.0', '1.0.1', '1.1.0', '1.2.0', '1.2.1' ] ]
248 silly addNamed is-nan@1.2.1
249 verbose addNamed "1.2.1" is a plain semver version for is-nan
250 silly mapToRegistry name is-nan
251 silly mapToRegistry using default registry
252 silly mapToRegistry registry https://registry.npmjs.org/
253 silly mapToRegistry uri https://registry.npmjs.org/is-nan
254 verbose addRemoteTarball https://registry.npmjs.org/is-nan/-/is-nan-1.2.1.tgz not in flight; adding
255 verbose addRemoteTarball [ 'https://registry.npmjs.org/is-nan/-/is-nan-1.2.1.tgz',
255 verbose addRemoteTarball   '9faf65b6fb6db24b7f5c0628475ea71f988401e2' ]
256 info retry fetch attempt 1 at 12:18:39 AM
257 info attempt registry request try #1 at 12:18:39 AM
258 http fetch GET https://registry.npmjs.org/is-nan/-/is-nan-1.2.1.tgz
259 verbose get https://registry.npmjs.org/moment-timezone not expired, no request
260 silly addNameRange number 2 { name: 'moment-timezone',
260 silly addNameRange   range: '>=0.5.23 <0.6.0',
260 silly addNameRange   hasData: true }
261 silly addNameRange versions [ 'moment-timezone',
261 silly addNameRange   [ '0.0.1',
261 silly addNameRange     '0.0.2',
261 silly addNameRange     '0.0.3',
261 silly addNameRange     '0.0.5',
261 silly addNameRange     '0.0.6',
261 silly addNameRange     '0.1.0',
261 silly addNameRange     '0.2.0',
261 silly addNameRange     '0.2.1',
261 silly addNameRange     '0.2.2',
261 silly addNameRange     '0.2.3',
261 silly addNameRange     '0.2.4',
261 silly addNameRange     '0.2.5',
261 silly addNameRange     '0.3.0',
261 silly addNameRange     '0.3.1',
261 silly addNameRange     '0.4.0',
261 silly addNameRange     '0.4.1',
261 silly addNameRange     '0.5.0',
261 silly addNameRange     '0.5.1',
261 silly addNameRange     '0.5.2',
261 silly addNameRange     '0.5.3',
261 silly addNameRange     '0.5.4',
261 silly addNameRange     '0.5.5',
261 silly addNameRange     '0.5.6',
261 silly addNameRange     '0.5.7',
261 silly addNameRange     '0.5.8',
261 silly addNameRange     '0.5.9',
261 silly addNameRange     '0.5.10',
261 silly addNameRange     '0.5.11',
261 silly addNameRange     '0.5.12',
261 silly addNameRange     '0.5.13',
261 silly addNameRange     '0.5.14',
261 silly addNameRange     '0.5.15',
261 silly addNameRange     '0.5.16',
261 silly addNameRange     '0.5.17',
261 silly addNameRange     '0.5.18',
261 silly addNameRange     '0.5.19',
261 silly addNameRange     '0.5.20',
261 silly addNameRange     '0.5.21',
261 silly addNameRange     '0.5.22',
261 silly addNameRange     '0.5.23' ] ]
262 silly addNamed moment-timezone@0.5.23
263 verbose addNamed "0.5.23" is a plain semver version for moment-timezone
264 silly mapToRegistry name moment-timezone
265 silly mapToRegistry using default registry
266 silly mapToRegistry registry https://registry.npmjs.org/
267 silly mapToRegistry uri https://registry.npmjs.org/moment-timezone
268 verbose addRemoteTarball https://registry.npmjs.org/moment-timezone/-/moment-timezone-0.5.23.tgz not in flight; adding
269 verbose addRemoteTarball [ 'https://registry.npmjs.org/moment-timezone/-/moment-timezone-0.5.23.tgz',
269 verbose addRemoteTarball   '7cbb00db2c14c71b19303cb47b0fb0a6d8651463' ]
270 info retry fetch attempt 1 at 12:18:39 AM
271 info attempt registry request try #1 at 12:18:39 AM
272 http fetch GET https://registry.npmjs.org/moment-timezone/-/moment-timezone-0.5.23.tgz
273 http fetch 200 https://registry.npmjs.org/is-nan/-/is-nan-1.2.1.tgz
274 silly fetchAndShaCheck shasum 9faf65b6fb6db24b7f5c0628475ea71f988401e2
275 verbose addTmpTarball /tmp/npm-12372-6fe5125e/registry.npmjs.org/is-nan/-/is-nan-1.2.1.tgz not in flight; adding
276 verbose addTmpTarball already have metadata; skipping unpack for is-nan@1.2.1
277 silly cache afterAdd is-nan@1.2.1
278 verbose afterAdd /home/gleycon/.npm/is-nan/1.2.1/package/package.json not in flight; writing
279 http fetch 200 https://registry.npmjs.org/moment-timezone/-/moment-timezone-0.5.23.tgz
280 verbose afterAdd /home/gleycon/.npm/is-nan/1.2.1/package/package.json written
281 silly fetchAndShaCheck shasum 7cbb00db2c14c71b19303cb47b0fb0a6d8651463
282 verbose addTmpTarball /tmp/npm-12372-6fe5125e/registry.npmjs.org/moment-timezone/-/moment-timezone-0.5.23.tgz not in flight; adding
283 verbose addTmpTarball already have metadata; skipping unpack for moment-timezone@0.5.23
284 silly cache afterAdd moment-timezone@0.5.23
285 verbose afterAdd /home/gleycon/.npm/moment-timezone/0.5.23/package/package.json not in flight; writing
286 verbose afterAdd /home/gleycon/.npm/moment-timezone/0.5.23/package/package.json written
287 silly fetchNamedPackageData define-properties
288 silly mapToRegistry name define-properties
289 silly mapToRegistry using default registry
290 silly mapToRegistry registry https://registry.npmjs.org/
291 silly mapToRegistry uri https://registry.npmjs.org/define-properties
292 verbose request uri https://registry.npmjs.org/define-properties
293 verbose request no auth needed
294 info attempt registry request try #1 at 12:18:40 AM
295 http request GET https://registry.npmjs.org/define-properties
296 http 200 https://registry.npmjs.org/define-properties
297 verbose headers { date: 'Fri, 18 Jan 2019 04:18:40 GMT',
297 verbose headers   'content-type': 'application/json; charset=UTF-8',
297 verbose headers   'transfer-encoding': 'chunked',
297 verbose headers   connection: 'keep-alive',
297 verbose headers   'set-cookie':
297 verbose headers    [ '__cfduid=da96d9300ab4a61f8c9cfb564b5b05d0e1547785120; expires=Sat, 18-Jan-20 04:18:40 GMT; path=/; domain=.registry.npmjs.org; HttpOnly' ],
297 verbose headers   'cf-cache-status': 'HIT',
297 verbose headers   'cache-control': 'max-age=300',
297 verbose headers   'cf-ray': '49ae424c3f874bab-GRU',
297 verbose headers   etag: 'W/"09035321d41ad2db6cbaa967f04f40de"',
297 verbose headers   'expect-ct': 'max-age=604800, report-uri="https://report-uri.cloudflare.com/cdn-cgi/beacon/expect-ct"',
297 verbose headers   'last-modified': 'Wed, 15 Aug 2018 04:40:43 GMT',
297 verbose headers   vary: 'accept-encoding, accept',
297 verbose headers   server: 'cloudflare',
297 verbose headers   'content-encoding': 'gzip' }
298 silly get cb [ 200,
298 silly get   { date: 'Fri, 18 Jan 2019 04:18:40 GMT',
298 silly get     'content-type': 'application/json; charset=UTF-8',
298 silly get     'transfer-encoding': 'chunked',
298 silly get     connection: 'keep-alive',
298 silly get     'set-cookie':
298 silly get      [ '__cfduid=da96d9300ab4a61f8c9cfb564b5b05d0e1547785120; expires=Sat, 18-Jan-20 04:18:40 GMT; path=/; domain=.registry.npmjs.org; HttpOnly' ],
298 silly get     'cf-cache-status': 'HIT',
298 silly get     'cache-control': 'max-age=300',
298 silly get     'cf-ray': '49ae424c3f874bab-GRU',
298 silly get     etag: 'W/"09035321d41ad2db6cbaa967f04f40de"',
298 silly get     'expect-ct': 'max-age=604800, report-uri="https://report-uri.cloudflare.com/cdn-cgi/beacon/expect-ct"',
298 silly get     'last-modified': 'Wed, 15 Aug 2018 04:40:43 GMT',
298 silly get     vary: 'accept-encoding, accept',
298 silly get     server: 'cloudflare',
298 silly get     'content-encoding': 'gzip' } ]
299 verbose get saving define-properties to /home/gleycon/.npm/registry.npmjs.org/define-properties/.cache.json
300 silly resolveWithNewModule define-properties@1.1.3 checking installable status
301 silly cache add args [ 'define-properties@^1.1.1', null ]
302 verbose cache add spec define-properties@^1.1.1
303 silly cache add parsed spec Result {
303 silly cache add   raw: 'define-properties@^1.1.1',
303 silly cache add   scope: null,
303 silly cache add   name: 'define-properties',
303 silly cache add   rawSpec: '^1.1.1',
303 silly cache add   spec: '>=1.1.1 <2.0.0',
303 silly cache add   type: 'range' }
304 silly addNamed define-properties@>=1.1.1 <2.0.0
305 verbose addNamed ">=1.1.1 <2.0.0" is a valid semver range for define-properties
306 silly addNameRange { name: 'define-properties',
306 silly addNameRange   range: '>=1.1.1 <2.0.0',
306 silly addNameRange   hasData: false }
307 silly mapToRegistry name define-properties
308 silly mapToRegistry using default registry
309 silly mapToRegistry registry https://registry.npmjs.org/
310 silly mapToRegistry uri https://registry.npmjs.org/define-properties
311 verbose addNameRange registry:https://registry.npmjs.org/define-properties not in flight; fetching
312 verbose get https://registry.npmjs.org/define-properties not expired, no request
313 silly addNameRange number 2 { name: 'define-properties',
313 silly addNameRange   range: '>=1.1.1 <2.0.0',
313 silly addNameRange   hasData: true }
314 silly addNameRange versions [ 'define-properties',
314 silly addNameRange   [ '1.0.0', '1.0.1', '1.0.2', '1.1.0', '1.1.1', '1.1.2', '1.1.3' ] ]
315 silly addNamed define-properties@1.1.3
316 verbose addNamed "1.1.3" is a plain semver version for define-properties
317 silly mapToRegistry name define-properties
318 silly mapToRegistry using default registry
319 silly mapToRegistry registry https://registry.npmjs.org/
320 silly mapToRegistry uri https://registry.npmjs.org/define-properties
321 verbose addRemoteTarball https://registry.npmjs.org/define-properties/-/define-properties-1.1.3.tgz not in flight; adding
322 verbose addRemoteTarball [ 'https://registry.npmjs.org/define-properties/-/define-properties-1.1.3.tgz',
322 verbose addRemoteTarball   'cf88da6cbee26fe6db7094f61d870cbd84cee9f1' ]
323 info retry fetch attempt 1 at 12:18:40 AM
324 info attempt registry request try #1 at 12:18:40 AM
325 http fetch GET https://registry.npmjs.org/define-properties/-/define-properties-1.1.3.tgz
326 http fetch 200 https://registry.npmjs.org/define-properties/-/define-properties-1.1.3.tgz
327 silly fetchAndShaCheck shasum cf88da6cbee26fe6db7094f61d870cbd84cee9f1
328 verbose addTmpTarball /tmp/npm-12372-6fe5125e/registry.npmjs.org/define-properties/-/define-properties-1.1.3.tgz not in flight; adding
329 verbose addTmpTarball already have metadata; skipping unpack for define-properties@1.1.3
330 silly cache afterAdd define-properties@1.1.3
331 verbose afterAdd /home/gleycon/.npm/define-properties/1.1.3/package/package.json not in flight; writing
332 verbose afterAdd /home/gleycon/.npm/define-properties/1.1.3/package/package.json written
333 silly fetchNamedPackageData object-keys
334 silly mapToRegistry name object-keys
335 silly mapToRegistry using default registry
336 silly mapToRegistry registry https://registry.npmjs.org/
337 silly mapToRegistry uri https://registry.npmjs.org/object-keys
338 verbose request uri https://registry.npmjs.org/object-keys
339 verbose request no auth needed
340 info attempt registry request try #1 at 12:18:40 AM
341 http request GET https://registry.npmjs.org/object-keys
342 http 200 https://registry.npmjs.org/object-keys
343 verbose headers { date: 'Fri, 18 Jan 2019 04:18:40 GMT',
343 verbose headers   'content-type': 'application/json; charset=UTF-8',
343 verbose headers   'transfer-encoding': 'chunked',
343 verbose headers   connection: 'keep-alive',
343 verbose headers   'set-cookie':
343 verbose headers    [ '__cfduid=df003ac996989ded62e59e864f70d90a81547785120; expires=Sat, 18-Jan-20 04:18:40 GMT; path=/; domain=.registry.npmjs.org; HttpOnly' ],
343 verbose headers   'cf-cache-status': 'HIT',
343 verbose headers   'cache-control': 'max-age=300',
343 verbose headers   'cf-ray': '49ae424d7c6f4af7-GRU',
343 verbose headers   etag: 'W/"0c597f715b39f602ff817be892565bb3"',
343 verbose headers   'expect-ct': 'max-age=604800, report-uri="https://report-uri.cloudflare.com/cdn-cgi/beacon/expect-ct"',
343 verbose headers   'last-modified': 'Mon, 18 Jun 2018 21:47:19 GMT',
343 verbose headers   vary: 'accept-encoding, accept',
343 verbose headers   server: 'cloudflare',
343 verbose headers   'content-encoding': 'gzip' }
344 silly get cb [ 200,
344 silly get   { date: 'Fri, 18 Jan 2019 04:18:40 GMT',
344 silly get     'content-type': 'application/json; charset=UTF-8',
344 silly get     'transfer-encoding': 'chunked',
344 silly get     connection: 'keep-alive',
344 silly get     'set-cookie':
344 silly get      [ '__cfduid=df003ac996989ded62e59e864f70d90a81547785120; expires=Sat, 18-Jan-20 04:18:40 GMT; path=/; domain=.registry.npmjs.org; HttpOnly' ],
344 silly get     'cf-cache-status': 'HIT',
344 silly get     'cache-control': 'max-age=300',
344 silly get     'cf-ray': '49ae424d7c6f4af7-GRU',
344 silly get     etag: 'W/"0c597f715b39f602ff817be892565bb3"',
344 silly get     'expect-ct': 'max-age=604800, report-uri="https://report-uri.cloudflare.com/cdn-cgi/beacon/expect-ct"',
344 silly get     'last-modified': 'Mon, 18 Jun 2018 21:47:19 GMT',
344 silly get     vary: 'accept-encoding, accept',
344 silly get     server: 'cloudflare',
344 silly get     'content-encoding': 'gzip' } ]
345 verbose get saving object-keys to /home/gleycon/.npm/registry.npmjs.org/object-keys/.cache.json
346 silly resolveWithNewModule object-keys@1.0.12 checking installable status
347 silly cache add args [ 'object-keys@^1.0.12', null ]
348 verbose cache add spec object-keys@^1.0.12
349 silly cache add parsed spec Result {
349 silly cache add   raw: 'object-keys@^1.0.12',
349 silly cache add   scope: null,
349 silly cache add   name: 'object-keys',
349 silly cache add   rawSpec: '^1.0.12',
349 silly cache add   spec: '>=1.0.12 <2.0.0',
349 silly cache add   type: 'range' }
350 silly addNamed object-keys@>=1.0.12 <2.0.0
351 verbose addNamed ">=1.0.12 <2.0.0" is a valid semver range for object-keys
352 silly addNameRange { name: 'object-keys', range: '>=1.0.12 <2.0.0', hasData: false }
353 silly mapToRegistry name object-keys
354 silly mapToRegistry using default registry
355 silly mapToRegistry registry https://registry.npmjs.org/
356 silly mapToRegistry uri https://registry.npmjs.org/object-keys
357 verbose addNameRange registry:https://registry.npmjs.org/object-keys not in flight; fetching
358 verbose get https://registry.npmjs.org/object-keys not expired, no request
359 silly addNameRange number 2 { name: 'object-keys', range: '>=1.0.12 <2.0.0', hasData: true }
360 silly addNameRange versions [ 'object-keys',
360 silly addNameRange   [ '0.0.1',
360 silly addNameRange     '0.1.0',
360 silly addNameRange     '0.1.1',
360 silly addNameRange     '0.1.2',
360 silly addNameRange     '0.1.3',
360 silly addNameRange     '0.1.4',
360 silly addNameRange     '0.1.5',
360 silly addNameRange     '0.1.6',
360 silly addNameRange     '0.1.7',
360 silly addNameRange     '0.1.8',
360 silly addNameRange     '0.2.0',
360 silly addNameRange     '0.3.0',
360 silly addNameRange     '0.4.0',
360 silly addNameRange     '0.5.0',
360 silly addNameRange     '0.5.1',
360 silly addNameRange     '0.6.0',
360 silly addNameRange     '0.6.1',
360 silly addNameRange     '1.0.0',
360 silly addNameRange     '1.0.1',
360 silly addNameRange     '1.0.2',
360 silly addNameRange     '1.0.3',
360 silly addNameRange     '1.0.4',
360 silly addNameRange     '1.0.5',
360 silly addNameRange     '1.0.6',
360 silly addNameRange     '1.0.7',
360 silly addNameRange     '1.0.8',
360 silly addNameRange     '1.0.9',
360 silly addNameRange     '1.0.10',
360 silly addNameRange     '1.0.11',
360 silly addNameRange     '1.0.12' ] ]
361 silly addNamed object-keys@1.0.12
362 verbose addNamed "1.0.12" is a plain semver version for object-keys
363 silly mapToRegistry name object-keys
364 silly mapToRegistry using default registry
365 silly mapToRegistry registry https://registry.npmjs.org/
366 silly mapToRegistry uri https://registry.npmjs.org/object-keys
367 verbose addRemoteTarball https://registry.npmjs.org/object-keys/-/object-keys-1.0.12.tgz not in flight; adding
368 verbose addRemoteTarball [ 'https://registry.npmjs.org/object-keys/-/object-keys-1.0.12.tgz',
368 verbose addRemoteTarball   '09c53855377575310cca62f55bb334abff7b3ed2' ]
369 info retry fetch attempt 1 at 12:18:40 AM
370 info attempt registry request try #1 at 12:18:40 AM
371 http fetch GET https://registry.npmjs.org/object-keys/-/object-keys-1.0.12.tgz
372 http fetch 200 https://registry.npmjs.org/object-keys/-/object-keys-1.0.12.tgz
373 silly fetchAndShaCheck shasum 09c53855377575310cca62f55bb334abff7b3ed2
374 verbose addTmpTarball /tmp/npm-12372-6fe5125e/registry.npmjs.org/object-keys/-/object-keys-1.0.12.tgz not in flight; adding
375 verbose addTmpTarball already have metadata; skipping unpack for object-keys@1.0.12
376 silly cache afterAdd object-keys@1.0.12
377 verbose afterAdd /home/gleycon/.npm/object-keys/1.0.12/package/package.json not in flight; writing
378 verbose afterAdd /home/gleycon/.npm/object-keys/1.0.12/package/package.json written
379 silly fetchNamedPackageData moment
380 silly mapToRegistry name moment
381 silly mapToRegistry using default registry
382 silly mapToRegistry registry https://registry.npmjs.org/
383 silly mapToRegistry uri https://registry.npmjs.org/moment
384 verbose request uri https://registry.npmjs.org/moment
385 verbose request no auth needed
386 info attempt registry request try #1 at 12:18:41 AM
387 http request GET https://registry.npmjs.org/moment
388 http 200 https://registry.npmjs.org/moment
389 verbose headers { date: 'Fri, 18 Jan 2019 04:18:41 GMT',
389 verbose headers   'content-type': 'application/json',
389 verbose headers   'transfer-encoding': 'chunked',
389 verbose headers   connection: 'keep-alive',
389 verbose headers   'set-cookie':
389 verbose headers    [ '__cfduid=dd477d8d67d8c036714c863f4c33e83df1547785121; expires=Sat, 18-Jan-20 04:18:41 GMT; path=/; domain=.registry.npmjs.org; HttpOnly' ],
389 verbose headers   'cf-cache-status': 'HIT',
389 verbose headers   'cache-control': 'max-age=300',
389 verbose headers   'cf-ray': '49ae424efec24aeb-GRU',
389 verbose headers   etag: 'W/"23ba7b97ea2e0f54555e45139a1059b4"',
389 verbose headers   'expect-ct': 'max-age=604800, report-uri="https://report-uri.cloudflare.com/cdn-cgi/beacon/expect-ct"',
389 verbose headers   'last-modified': 'Thu, 17 Jan 2019 02:54:28 GMT',
389 verbose headers   vary: 'accept-encoding, accept',
389 verbose headers   'x-amz-meta-rev': '1270-dca3d326f2a13ae40be71c7126d71895',
389 verbose headers   server: 'cloudflare',
389 verbose headers   'content-encoding': 'gzip' }
390 silly get cb [ 200,
390 silly get   { date: 'Fri, 18 Jan 2019 04:18:41 GMT',
390 silly get     'content-type': 'application/json',
390 silly get     'transfer-encoding': 'chunked',
390 silly get     connection: 'keep-alive',
390 silly get     'set-cookie':
390 silly get      [ '__cfduid=dd477d8d67d8c036714c863f4c33e83df1547785121; expires=Sat, 18-Jan-20 04:18:41 GMT; path=/; domain=.registry.npmjs.org; HttpOnly' ],
390 silly get     'cf-cache-status': 'HIT',
390 silly get     'cache-control': 'max-age=300',
390 silly get     'cf-ray': '49ae424efec24aeb-GRU',
390 silly get     etag: 'W/"23ba7b97ea2e0f54555e45139a1059b4"',
390 silly get     'expect-ct': 'max-age=604800, report-uri="https://report-uri.cloudflare.com/cdn-cgi/beacon/expect-ct"',
390 silly get     'last-modified': 'Thu, 17 Jan 2019 02:54:28 GMT',
390 silly get     vary: 'accept-encoding, accept',
390 silly get     'x-amz-meta-rev': '1270-dca3d326f2a13ae40be71c7126d71895',
390 silly get     server: 'cloudflare',
390 silly get     'content-encoding': 'gzip' } ]
391 verbose get saving moment to /home/gleycon/.npm/registry.npmjs.org/moment/.cache.json
392 silly resolveWithNewModule moment@2.23.0 checking installable status
393 silly cache add args [ 'moment@>= 2.9.0', null ]
394 verbose cache add spec moment@>= 2.9.0
395 silly cache add parsed spec Result {
395 silly cache add   raw: 'moment@>= 2.9.0',
395 silly cache add   scope: null,
395 silly cache add   name: 'moment',
395 silly cache add   rawSpec: '>= 2.9.0',
395 silly cache add   spec: '>=2.9.0',
395 silly cache add   type: 'range' }
396 silly addNamed moment@>=2.9.0
397 verbose addNamed ">=2.9.0" is a valid semver range for moment
398 silly addNameRange { name: 'moment', range: '>=2.9.0', hasData: false }
399 silly mapToRegistry name moment
400 silly mapToRegistry using default registry
401 silly mapToRegistry registry https://registry.npmjs.org/
402 silly mapToRegistry uri https://registry.npmjs.org/moment
403 verbose addNameRange registry:https://registry.npmjs.org/moment not in flight; fetching
404 verbose get https://registry.npmjs.org/moment not expired, no request
405 silly addNameRange number 2 { name: 'moment', range: '>=2.9.0', hasData: true }
406 silly addNameRange versions [ 'moment',
406 silly addNameRange   [ '1.0.0',
406 silly addNameRange     '1.0.1',
406 silly addNameRange     '1.1.0',
406 silly addNameRange     '1.1.1',
406 silly addNameRange     '1.2.0',
406 silly addNameRange     '1.3.0',
406 silly addNameRange     '1.4.0',
406 silly addNameRange     '1.5.0',
406 silly addNameRange     '1.5.1',
406 silly addNameRange     '1.6.0',
406 silly addNameRange     '1.6.1',
406 silly addNameRange     '1.6.2',
406 silly addNameRange     '1.7.0',
406 silly addNameRange     '1.7.1',
406 silly addNameRange     '1.7.2',
406 silly addNameRange     '2.0.0',
406 silly addNameRange     '2.1.0',
406 silly addNameRange     '2.2.1',
406 silly addNameRange     '2.3.0',
406 silly addNameRange     '2.3.1',
406 silly addNameRange     '2.4.0',
406 silly addNameRange     '2.5.0',
406 silly addNameRange     '2.5.1',
406 silly addNameRange     '2.6.0',
406 silly addNameRange     '2.7.0',
406 silly addNameRange     '2.8.1',
406 silly addNameRange     '2.8.2',
406 silly addNameRange     '2.8.3',
406 silly addNameRange     '2.8.4',
406 silly addNameRange     '2.9.0',
406 silly addNameRange     '2.10.2',
406 silly addNameRange     '2.10.3',
406 silly addNameRange     '2.10.5',
406 silly addNameRange     '2.10.6',
406 silly addNameRange     '2.11.0',
406 silly addNameRange     '2.11.1',
406 silly addNameRange     '2.11.2',
406 silly addNameRange     '2.12.0',
406 silly addNameRange     '2.13.0',
406 silly addNameRange     '2.14.0',
406 silly addNameRange     '2.14.1',
406 silly addNameRange     '2.15.0',
406 silly addNameRange     '2.15.1',
406 silly addNameRange     '2.15.2',
406 silly addNameRange     '2.16.0',
406 silly addNameRange     '2.17.0',
406 silly addNameRange     '2.17.1',
406 silly addNameRange     '2.18.0',
406 silly addNameRange     '2.18.1',
406 silly addNameRange     '2.19.0',
406 silly addNameRange     '2.19.1',
406 silly addNameRange     '2.19.2',
406 silly addNameRange     '2.19.3',
406 silly addNameRange     '2.19.4',
406 silly addNameRange     '2.20.0',
406 silly addNameRange     '2.20.1',
406 silly addNameRange     '2.21.0',
406 silly addNameRange     '2.22.0',
406 silly addNameRange     '2.22.1',
406 silly addNameRange     '2.22.2',
406 silly addNameRange     '2.23.0' ] ]
407 silly addNamed moment@2.23.0
408 verbose addNamed "2.23.0" is a plain semver version for moment
409 silly mapToRegistry name moment
410 silly mapToRegistry using default registry
411 silly mapToRegistry registry https://registry.npmjs.org/
412 silly mapToRegistry uri https://registry.npmjs.org/moment
413 verbose addRemoteTarball https://registry.npmjs.org/moment/-/moment-2.23.0.tgz not in flight; adding
414 verbose addRemoteTarball [ 'https://registry.npmjs.org/moment/-/moment-2.23.0.tgz',
414 verbose addRemoteTarball   '759ea491ac97d54bac5ad776996e2a58cc1bc225' ]
415 info retry fetch attempt 1 at 12:18:41 AM
416 info attempt registry request try #1 at 12:18:41 AM
417 http fetch GET https://registry.npmjs.org/moment/-/moment-2.23.0.tgz
418 http fetch 200 https://registry.npmjs.org/moment/-/moment-2.23.0.tgz
419 silly fetchAndShaCheck shasum 759ea491ac97d54bac5ad776996e2a58cc1bc225
420 verbose addTmpTarball /tmp/npm-12372-6fe5125e/registry.npmjs.org/moment/-/moment-2.23.0.tgz not in flight; adding
421 verbose addTmpTarball already have metadata; skipping unpack for moment@2.23.0
422 silly cache afterAdd moment@2.23.0
423 verbose afterAdd /home/gleycon/.npm/moment/2.23.0/package/package.json not in flight; writing
424 verbose afterAdd /home/gleycon/.npm/moment/2.23.0/package/package.json written
425 silly loadAllDepsIntoIdealTree Finishing
426 silly idealTree:prePrune exercicios-js
426 silly idealTree:prePrune  cron-parser@2.7.3
426 silly idealTree:prePrune  define-properties@1.1.3
426 silly idealTree:prePrune  is-nan@1.2.1
426 silly idealTree:prePrune  lodash@4.17.11
426 silly idealTree:prePrune  long-timeout@0.1.1
426 silly idealTree:prePrune  moment-timezone@0.5.23
426 silly idealTree:prePrune  moment@2.23.0
426 silly idealTree:prePrune  node-schedule@1.3.0
426 silly idealTree:prePrune  object-keys@1.0.12
426 silly idealTree:prePrune  saudacao
426 silly idealTree:prePrune  sorted-array-functions@1.2.0
427 silly loadIdealTree Finishing
428 silly currentTree exercicios-js
428 silly currentTree  lodash@4.17.11
428 silly currentTree  saudacao
429 silly idealTree exercicios-js
429 silly idealTree  cron-parser@2.7.3
429 silly idealTree  define-properties@1.1.3
429 silly idealTree  is-nan@1.2.1
429 silly idealTree  lodash@4.17.11
429 silly idealTree  long-timeout@0.1.1
429 silly idealTree  moment-timezone@0.5.23
429 silly idealTree  moment@2.23.0
429 silly idealTree  node-schedule@1.3.0
429 silly idealTree  object-keys@1.0.12
429 silly idealTree  saudacao
429 silly idealTree  sorted-array-functions@1.2.0
430 silly generateActionsToTake Starting
431 silly install generateActionsToTake
432 silly generateActionsToTake Finishing
433 silly diffTrees action count 10
434 silly diffTrees add long-timeout@0.1.1
435 silly diffTrees add moment@2.23.0
436 silly diffTrees add moment-timezone@0.5.23
437 silly diffTrees add object-keys@1.0.12
438 silly diffTrees add define-properties@1.1.3
439 silly diffTrees add is-nan@1.2.1
440 silly diffTrees add cron-parser@2.7.3
441 silly diffTrees add sorted-array-functions@1.2.0
442 silly diffTrees update lodash@4.17.11
443 silly diffTrees add node-schedule@1.3.0
444 silly decomposeActions action count 80
445 silly decomposeActions fetch long-timeout@0.1.1
446 silly decomposeActions extract long-timeout@0.1.1
447 silly decomposeActions test long-timeout@0.1.1
448 silly decomposeActions preinstall long-timeout@0.1.1
449 silly decomposeActions build long-timeout@0.1.1
450 silly decomposeActions install long-timeout@0.1.1
451 silly decomposeActions postinstall long-timeout@0.1.1
452 silly decomposeActions finalize long-timeout@0.1.1
453 silly decomposeActions fetch moment@2.23.0
454 silly decomposeActions extract moment@2.23.0
455 silly decomposeActions test moment@2.23.0
456 silly decomposeActions preinstall moment@2.23.0
457 silly decomposeActions build moment@2.23.0
458 silly decomposeActions install moment@2.23.0
459 silly decomposeActions postinstall moment@2.23.0
460 silly decomposeActions finalize moment@2.23.0
461 silly decomposeActions fetch moment-timezone@0.5.23
462 silly decomposeActions extract moment-timezone@0.5.23
463 silly decomposeActions test moment-timezone@0.5.23
464 silly decomposeActions preinstall moment-timezone@0.5.23
465 silly decomposeActions build moment-timezone@0.5.23
466 silly decomposeActions install moment-timezone@0.5.23
467 silly decomposeActions postinstall moment-timezone@0.5.23
468 silly decomposeActions finalize moment-timezone@0.5.23
469 silly decomposeActions fetch object-keys@1.0.12
470 silly decomposeActions extract object-keys@1.0.12
471 silly decomposeActions test object-keys@1.0.12
472 silly decomposeActions preinstall object-keys@1.0.12
473 silly decomposeActions build object-keys@1.0.12
474 silly decomposeActions install object-keys@1.0.12
475 silly decomposeActions postinstall object-keys@1.0.12
476 silly decomposeActions finalize object-keys@1.0.12
477 silly decomposeActions fetch define-properties@1.1.3
478 silly decomposeActions extract define-properties@1.1.3
479 silly decomposeActions test define-properties@1.1.3
480 silly decomposeActions preinstall define-properties@1.1.3
481 silly decomposeActions build define-properties@1.1.3
482 silly decomposeActions install define-properties@1.1.3
483 silly decomposeActions postinstall define-properties@1.1.3
484 silly decomposeActions finalize define-properties@1.1.3
485 silly decomposeActions fetch is-nan@1.2.1
486 silly decomposeActions extract is-nan@1.2.1
487 silly decomposeActions test is-nan@1.2.1
488 silly decomposeActions preinstall is-nan@1.2.1
489 silly decomposeActions build is-nan@1.2.1
490 silly decomposeActions install is-nan@1.2.1
491 silly decomposeActions postinstall is-nan@1.2.1
492 silly decomposeActions finalize is-nan@1.2.1
493 silly decomposeActions fetch cron-parser@2.7.3
494 silly decomposeActions extract cron-parser@2.7.3
495 silly decomposeActions test cron-parser@2.7.3
496 silly decomposeActions preinstall cron-parser@2.7.3
497 silly decomposeActions build cron-parser@2.7.3
498 silly decomposeActions install cron-parser@2.7.3
499 silly decomposeActions postinstall cron-parser@2.7.3
500 silly decomposeActions finalize cron-parser@2.7.3
501 silly decomposeActions fetch sorted-array-functions@1.2.0
502 silly decomposeActions extract sorted-array-functions@1.2.0
503 silly decomposeActions test sorted-array-functions@1.2.0
504 silly decomposeActions preinstall sorted-array-functions@1.2.0
505 silly decomposeActions build sorted-array-functions@1.2.0
506 silly decomposeActions install sorted-array-functions@1.2.0
507 silly decomposeActions postinstall sorted-array-functions@1.2.0
508 silly decomposeActions finalize sorted-array-functions@1.2.0
509 silly decomposeActions fetch lodash@4.17.11
510 silly decomposeActions extract lodash@4.17.11
511 silly decomposeActions test lodash@4.17.11
512 silly decomposeActions preinstall lodash@4.17.11
513 silly decomposeActions build lodash@4.17.11
514 silly decomposeActions install lodash@4.17.11
515 silly decomposeActions postinstall lodash@4.17.11
516 silly decomposeActions finalize lodash@4.17.11
517 silly decomposeActions fetch node-schedule@1.3.0
518 silly decomposeActions extract node-schedule@1.3.0
519 silly decomposeActions test node-schedule@1.3.0
520 silly decomposeActions preinstall node-schedule@1.3.0
521 silly decomposeActions build node-schedule@1.3.0
522 silly decomposeActions install node-schedule@1.3.0
523 silly decomposeActions postinstall node-schedule@1.3.0
524 silly decomposeActions finalize node-schedule@1.3.0
525 silly executeActions Starting
526 silly install executeActions
527 silly doSerial global-install 0
528 silly doParallel fetch 10
529 verbose lock using /home/gleycon/.npm/_locks/staging-0340c29226d31b8a.lock for /home/gleycon/Dropbox/exercicios-js/node_modules/.staging
530 verbose unlock done using /home/gleycon/.npm/_locks/staging-0340c29226d31b8a.lock for /home/gleycon/Dropbox/exercicios-js/node_modules/.staging
531 silly rollbackFailedOptional Starting
532 silly rollbackFailedOptional Finishing
533 silly runTopLevelLifecycles Starting
534 silly runTopLevelLifecycles Finishing
535 silly install printInstalled
536 warn enoent ENOENT: no such file or directory, open '/home/gleycon/Dropbox/exercicios-js/package.json'
537 warn enoent ENOENT: no such file or directory, open '/home/gleycon/Dropbox/exercicios-js/node_modules/saudacao/package.json'
538 warn exercicios-js No description
539 warn exercicios-js No repository field.
540 warn exercicios-js No README data
541 warn exercicios-js No license field.
542 verbose stack Error: EACCES: permission denied, rmdir '/home/gleycon/Dropbox/exercicios-js/node_modules/.staging/abbrev-2ee5a0ff'
543 verbose cwd /home/gleycon/Dropbox/exercicios-js
544 error Linux 4.15.0-43-generic
545 error argv "/usr/bin/node" "/usr/bin/npm" "i" "node-schedule@1.3.0" "-E"
546 error node v8.10.0
547 error npm  v3.5.2
548 error path /home/gleycon/Dropbox/exercicios-js/node_modules/.staging/abbrev-2ee5a0ff
549 error code EACCES
550 error errno -13
551 error syscall rmdir
552 error Error: EACCES: permission denied, rmdir '/home/gleycon/Dropbox/exercicios-js/node_modules/.staging/abbrev-2ee5a0ff'
552 error  { Error: EACCES: permission denied, rmdir '/home/gleycon/Dropbox/exercicios-js/node_modules/.staging/abbrev-2ee5a0ff'
552 error   errno: -13,
552 error   code: 'EACCES',
552 error   syscall: 'rmdir',
552 error   path: '/home/gleycon/Dropbox/exercicios-js/node_modules/.staging/abbrev-2ee5a0ff' }
553 error Please try running this command again as root/Administrator.
554 verbose exit [ -13, true ]
